[INFO|brunch.py:86] 2017-04-24 21:30:13,414 > 지구한바퀴세계여행 : /keyword/지구한바퀴_세계여행?q=g
[INFO|brunch.py:86] 2017-04-24 21:30:13,418 > 그림·웹툰 : /keyword/그림·웹툰?q=g
[INFO|brunch.py:86] 2017-04-24 21:30:13,420 > 시사·이슈 : /keyword/시사·이슈?q=g
[INFO|brunch.py:86] 2017-04-24 21:30:13,421 > IT트렌드 : /keyword/IT_트렌드?q=g
[INFO|brunch.py:86] 2017-04-24 21:30:13,422 > 사진·촬영 : /keyword/사진·촬영?q=g
[INFO|brunch.py:86] 2017-04-24 21:30:13,423 > 취향저격영화 리뷰 : /keyword/취향저격_영화_리뷰?q=g
[INFO|brunch.py:86] 2017-04-24 21:30:13,424 > 오늘은이런 책 : /keyword/오늘은_이런_책?q=g
[INFO|brunch.py:86] 2017-04-24 21:30:13,424 > 뮤직인사이드 : /keyword/뮤직_인사이드?q=g
[INFO|brunch.py:86] 2017-04-24 21:30:13,425 > 글쓰기코치 : /keyword/글쓰기_코치?q=g
[INFO|brunch.py:86] 2017-04-24 21:30:13,425 > 직장인현실 조언 : /keyword/직장인_현실_조언?q=g
[INFO|brunch.py:86] 2017-04-24 21:30:13,426 > 스타트업경험담 : /keyword/스타트업_경험담?q=g
[INFO|brunch.py:86] 2017-04-24 21:30:13,426 > 육아이야기 : /keyword/육아_이야기?q=g
[INFO|brunch.py:86] 2017-04-24 21:30:13,427 > 요리레시피 : /keyword/요리_레시피?q=g
[INFO|brunch.py:86] 2017-04-24 21:30:13,428 > 건강·운동 : /keyword/건강·운동?q=g
[INFO|brunch.py:86] 2017-04-24 21:30:13,429 > 멘탈 관리심리 탐구 : /keyword/멘탈_관리_심리_탐구?q=g
[INFO|brunch.py:86] 2017-04-24 21:30:13,429 > 디자인스토리 : /keyword/디자인_스토리?q=g
[INFO|brunch.py:86] 2017-04-24 21:30:13,430 > 문화·예술 : /keyword/문화·예술?q=g
[INFO|brunch.py:86] 2017-04-24 21:30:13,430 > 건축·설계 : /keyword/건축·설계?q=g
[INFO|brunch.py:86] 2017-04-24 21:30:13,431 > 인문학·철학 : /keyword/인문학·철학?q=g
[INFO|brunch.py:86] 2017-04-24 21:30:13,432 > 쉽게 읽는역사 : /keyword/쉽게_읽는_역사?q=g
[INFO|brunch.py:86] 2017-04-24 21:30:13,433 > 우리집반려동물 : /keyword/우리집_반려동물?q=g
[INFO|brunch.py:86] 2017-04-24 21:30:13,433 > 멋진캘리그래피 : /keyword/멋진_캘리그래피?q=g
[INFO|brunch.py:86] 2017-04-24 21:30:13,434 > 사랑·이별 : /keyword/사랑·이별?q=g
[INFO|brunch.py:86] 2017-04-24 21:30:13,435 > 감성에세이 : /keyword/감성_에세이?q=g
[DEBUG|brunch.py:115] 2017-04-24 21:30:13,485 > 알아두면 유용한 생활 속 꿀팁 4가지 : 일상 생활에서 간단하게 활용할 수 있는 생활 속 꿀팁 4가지 정보를 소개합니다. 무뎌진 칼날 세우는 법, 볼펜 새것처럼 나오게 만드는 방법, 탄산음료 보관 방법, 피자 촉촉하게 데우는 방법 등을 확인해 보세요~! 알아두면 유용한 생활 속 꿀팁 4가지 무뎌진 칼날 날카롭게 만드는 방법 칼을 갈 수 있는 전용 칼갈이 없이도 집에서 간단하게 무뎌진 칼날을 갈
[DEBUG|brunch.py:115] 2017-04-24 21:30:13,486 > 좋은 죽음이란 무엇인가 : 우리는 죽음에 대해서 얼마나 알고 있을까. 아니, 죽음에 대해 제대로 알고 있는 사람이 있긴 한 것일까. 죽음은 인간 역사 동안 인간들이 전혀 알 수 없던 유일한 미지의 세계이다. 그 누구도 죽음 이후를 알 순 없다. 죽음 그 이후를 알 순 없더라도, 우린 모두 죽게 된다. 만약에 죽음이 우리에게 닥친다면 어떤 반응을 보일까. <어떻게 죽음을 마주할 것인
[DEBUG|brunch.py:115] 2017-04-24 21:30:13,488 > 비행기를 왼쪽으로 타는 이유 : 우리는 대칭과 균형을 볼 때 안정감을 느낀다. 대칭 화면을 위해 영화관의 중앙 좌석을 선택하고, 양쪽 차선의 수가 맞게 중앙선을 긋고, 보고서도 오와 열을 맞춰 쓴다. 하지만, 모든 것이 중앙에 놓이고 균형이 맞을 수는 없는 법. 물 잔은 왼쪽에 빵은 오른쪽에, 영화관의 어느 쪽 팔걸이가 내 팔걸이인지, 짜장이냐 짬뽕이냐 등등 우리는 이분법적인 선택을 종종
[DEBUG|brunch.py:115] 2017-04-24 21:30:13,489 > 극한직업 화장품개발자 편 : 07. 화장품 개발자(BM)에 대해 이야기해보면 재밌을 거 같아서 몇년간 제가 보고 들은 것들과 BM분들과의 약간의 인터뷰를 통해 이야기를 만들어봤어요. 세상에 힘들지 않은 일이 어디있겠냐만, 이 직업 역시 보여지는 것들에 비해 힘들고 어려운 일입니다. 누구보다 화장품을 사랑하는 맘이 있어야 할 수 있는 직업이 아닐까 싶어요~ (난못해) 혹시나 이 글
[DEBUG|brunch.py:115] 2017-04-24 21:30:13,490 > 10년전 아파트 VS 지금의 아파트, 무엇이 바뀌었나 :  주택시장 변화에 민감한 아파트 아파트는 우리나라의 대표적인 주거 유형입니다. 거주유형의 절반가량이 아파트에 사니까요. 그만큼 다른 유형의 주택보다 주택시장의 변화에 가장 민감하게 반응해 트렌드도 빠르게 바뀌죠. 아파트 트렌드 변화 이유는? 시대가 바뀌고 사회가 변화하면서 아파트 트렌드도 변하는데요. 최근의 주거 트렌드를 이해하기 위해서는 실수요자의 특
[DEBUG|brunch.py:115] 2017-04-24 21:30:13,492 > 예비신부의 전세살이②: 귀찮은 전입신고, 왜 해야할까? : 지난 편에서, A씨는 부동산 전문가인 B씨를 찾아가 전세 계약 후 가장 먼저 해야 할 것이 무엇인지 문의했습니다. 그러자 B씨는 전입신고에 관해서 이야기를 꺼냈습니다. A씨도 전입신고에 대해서는 얼핏 들어 알고 있었습니다. 하지만 왜 해야 하는지 정확한 이유에 대해서는 잘 알지 못했죠. 전세로 들어가게 되면 제일 먼저 해야 하는 것은 ‘전입신고와 확정일자’
[DEBUG|brunch.py:115] 2017-04-24 21:30:13,530 > 아날로그 스마트워치 : 스마트워치는 기존의 유명 시계 메이커들이 넘보기 굉장히 어려운 분야이다. 기존 회사들이 확보하고 있던 시계에 대한 기술력이 스마트워치 시장에서는 무의미하기 때문이다. 이는 현재 시장을 점령하고 있는 거의 모든 스마트워치들이 전자기기 회사에서 내놓은 제품이라는 사실에서도 잘 드러난다. 그래도 하이엔드 시계브랜드는 상대적으로 스마트워치 시장의 대두로 인한 
[DEBUG|brunch.py:115] 2017-04-24 21:30:13,532 > 2017 욕실 인테리어 트렌드 7가지 : 욕실은 집에 있는 공간 중 가장 프라이빗한 휴식공간이라고 할 수 있는 공간인데요~ 욕실 인테리어도 매년 트렌드가 바뀌고 있습니다! 1) 기능적 수납공간을 중시한 욕실 욕실엔 비치해 놓아야 할 물건들이 정말 많은데요! 이런 물건들을 위한 수납장이 좁은 욕실에 공간을 차지할 수가 있습니다. 벽에 깊이를 내어 수납공간을 만들면 공간을 차지하지 않아 넓어 보일 수
[DEBUG|brunch.py:115] 2017-04-24 21:30:13,533 > 11자 복근 만들기! 복부 측면 근육 운동 3가지 : 체지방을 뚫고 나와 생기는 선명한 복근은 누구나 한번쯤 만들고 싶은 몸매입니다. 여름이 다가오기 전 11자 복근 만들기에 도전해보세요. 복부 측면 근육을 만들 수 있는 운동 3가지를 소개합니다. 11자 복근 만들기! 복부 측면 근육 운동 3가지 1. 다리 들어 움직이는 운동 등을 바닥에 대고 똑바로 눕습니다. 두 다리를 엉덩이 위로 들어 올려 뻗고, 
[DEBUG|brunch.py:115] 2017-04-24 21:30:13,535 > 청춘이라서 슬프고 힘들다. : 청춘. 예전이었다면 설렐 단어였겠지만 이제는 듣기만 해도 슬퍼지고 힘들어지는 단어다. 여행을 다녀온 후 많은 기사를 접했고 여전히 나라는 시끄러웠다. 그 사이 새로운 직장, 새로운 직업이 나에겐 새로운 도전으로 다가왔다. 새로운 직업은 그동안 했던 일과는 전혀 관련 없는 새로운 일이고, 어린 꼬맹이들부터 나이가 지긋하신 어르신까지 모든 연령층과 만나고 대화
[DEBUG|brunch.py:115] 2017-04-24 21:30:13,536 > 날씨가 좋아서 듣고 싶어진 노래 : 요즘 날씨가 정말 좋습니다. 미세먼지가 있지만 그래도 춥다가 따뜻해지니까 어디론가 나가서 계속 걷고 날씨를 느끼고 싶고 더 가까워지고 싶고 그런 날의 연속입니다. 그럴 때, 듣고 싶어지는 노래. 사실 오늘의 제 플레이리스트입니다. 매일 아침 엘리베이터를 타고 1층으로 내려가서 아파트 정문을 지나갈 때까지 그날 들을 곡 10개를 고르는데요. 같이 듣고
[DEBUG|brunch.py:115] 2017-04-24 21:30:13,538 > 여행자들에게 가장 인기 있는 오사카 호텔 TOP 10 : 가까운 거리, 수많은 맛집, 다양한 볼 거리가 넘쳐 언제나 사랑받는 여행지 오사카. 여행자들에게 가장 사랑받은 인기 호텔들은 어디일까? 2016년 익스피디아에서 유저들이 가장 많이 예약한 인기 오사카 호텔 TOP 10을 소개한다. 1위, 호텔 선루트 오사카 남바 오사카 인기 호텔 1위, '호텔 선루트 오사카 남바'. 오사카의 번화가 도톤보리 한복판에 위치한
[DEBUG|brunch.py:115] 2017-04-24 21:30:13,539 > 이게 우정이 아니면 뭐겠어? : 이게 우정이 아니면 뭐겠어? 『보노보노처럼 살다니 다행이야』 #06. 같이 울어주기보다는 같이 웃어주는 것. 같이 울다가도 웃음이 터져버려서, 시끄러우니까 그만 좀 웃으라고 서로 등짝을 때리는 것. 친구가 새로운 욕을 만들면 참신하다, 입에 착착 붙는다며 감탄해주는 것. 아무리 내 스타일이 아니어도 친구 앞에서는 그 욕을 애용해주는 것. 실연당해 사경
[DEBUG|brunch.py:115] 2017-04-24 21:30:13,541 > 러플(Ruffle) 핫 트렌드로 주목 : 이번 시즌 풍성하고 과감한 ‘러플(Ruffle)’이 핫 트렌드로 떠올랐다.(원문보기) 러플은 페미닌하고 로맨틱한 스타일로 지난 16시즌 런웨이에서부터 계속해서 주목을 받으며 러플, 셔링, 프릴 등이 주요한 디테일로 부상하고 있다. 로맨틱한 소녀 감성의 하늘하늘한 프릴, 셔링부터 빅토리안 시대의 로맨틱한 개더, 러플 등의 디테일들이 런웨이에 다양하게 등장
[DEBUG|brunch.py:115] 2017-04-24 21:30:13,542 > 인스탁스가 변했다! : 세상의 모든 아름다움은 네모 안에 있다. 내 인생에서 빛나는 순간은 모두 사각 프레임 안에 들었다. 비록 내 삶은 비루할지언정, 나의 소셜미디어는 참으로 아름답도다! 디지털 이미지로 존재하던 내 세상을 이따금 세상 밖으로 꺼내주던 즉석카메라 인스탁스가 변했다. 너무 변해서 이건 다시 태어난 수준. 이번에 출시된 인스탁스 스퀘어 SQ10에는 LCD 액정
[DEBUG|brunch.py:115] 2017-04-24 21:30:13,544 > 소비패턴을 파악하는 방법! : 지금까지는 대부분 공부법에 관한 글을 올렸는데요. 이번 글부터는 재테크 관련 글도 하나씩 올려볼까 합니다. 재테크는 아무래도 돈에 관련된 분야이다 보니 많은 분들께서 관심을 가지고 계십니다. 그러나 살면서 꼭 알아야 하는 기술임에도 어디에서도 제대로 가르쳐주지 않습니다. 스스로 공부하지 않으면 결국 남에게 의존할 수밖에 없습니다. 저 역시 평소 재테크에
[DEBUG|brunch.py:115] 2017-04-24 21:30:13,545 > 굿 윌 헌팅 : 사람들은 영화를 통해서 영감을 얻곤 한다. 우리에게 널리 알려져 있는 영화 중에서 꼽자면 이 영화를 빼놓을 수는 없을 것이다. 이 영화에서 윌은 수학천재로 등장한다. 그러나 그는 그 천재성을 전혀 살리지 못한 채 생활하고 있다. 분명히 아는 사람이라면 그를 알아보고 등용해줄 수 있을 것이라고 생각이 들 정도다. 그런 영리한 머리를 노동에 썩힐 수
[DEBUG|brunch.py:115] 2017-04-24 21:30:13,546 > 타인을 위한 배려 : '김PD의 인문학 여행' (44) 나를 중심에 놓기에도 바쁜 세상 속에서 타인을 배려한다는 게 여간해서는 쉬운 일이 아니다. 오늘은 한 재즈 기타리스트와 나누었던 대화 내용 하나를 공개할 생각이다. 누군가의 눈에는 별 대단한 일도 아닐 수도 있겠지만, 나에게는 아주 특별하고 조금은 잔잔한 감동을 주었던 이야기다. 화제의 주인공은 남아공 출신의 기타리스트 
[DEBUG|brunch.py:115] 2017-04-24 21:30:13,547 > 물건 사달라고 떼쓰는 아이, 왜 그럴까? : 서점, 백화점, 마트 등에 쇼핑을 갔을 때 아이가 물건을 사달라고 떼를 쓰면 주면 사람들의 이목도 신경 쓰이고 여간 곤란한 것이 아닙니다. 울면서 바닥에 들어 눕는 등 감정이 폭발하는 아이들도 있지요. 과연 아이는 그 물건이 정말로 가지고 싶고, 필요해서일까요? 어쩌면 엄마에게 관심과 사랑을 받고 싶은 마음이 새로운 물건을 사서 채우고 싶은 애정결핍형 떼쓰
[DEBUG|brunch.py:115] 2017-04-24 21:30:13,549 > 해외가족여행 추천, 일본북해도여행 3박4일 코스 : 흔히들 말한다. 여행은 어디를 가느냐 보다는 누구와 함께하느냐가 더 중요하다고 말이지. 친구와 함께하는 여행, 혼자 하는 여행, 남자친구 여자친구와 함께하는 커플 여행, 동료와 함께하는 여행 등등... 많고 많은 여행 타입들 중에서도 가장 예측할 수 없는건 바로 '가족여행' 아닐까 싶다. 사소한 문제로 트러블이 생길 수도 있고, 개개인의 취향과 성격을 더
[DEBUG|brunch.py:115] 2017-04-24 21:30:13,551 > #49. 연인과 논쟁하지 않아야 하는 이유 : "어디서부터 잘못된거지 모르겠다"헤어지기 전, 우리는 종종 이런 말을 했다.서로를 하루라도 안 보면 슬퍼하고매일 같이 사랑의 이야기를 속삭이던 우리가,왜 이렇게 서로를 헐뜯는 사이가 되었을까.왜 이렇게 하루가 멀다하고 다투기만 할까.헤어지기 전에는 그가 변해서 그렇다고 생각했다.그가 변해서 나도 변했고, 모든 것은 그의 탓이라고.헤어지고 나서는 생각한다.헤
[DEBUG|brunch.py:115] 2017-04-24 21:30:13,552 > 헤어진 연인과의 연애  : 헤어지는 데는 이유가 있다. 두 사람이 만나는 데는 이유가 있듯이, 그 헤어짐에도 분명 이유가 있다. 누군가와 감정에만 쏠려서 대충, 막 만난 것이 아니라면 그렇게 많은 고민을 하고 여러 과정을 거쳐서 사귀기 시작한 사람과 쉽게 헤어지지는 않을 것 아닌가? 만약 헤어짐에 마땅한 이유도 없고, 헤어지는 말을 쉽게 던지는 사람이 있다면 사실은 문제는 그런 사
[DEBUG|brunch.py:115] 2017-04-24 21:30:13,553 > 밥 먹자는 말이 어떤 말인지 아세요 : 밥을 먹자고 먼저 안부를 물어오는 사람들의 숫자가 훗날 내 죽음의 식장에 오는 사람들의 숫자라고 생각하면 그건 너무 비극적인가요. 최근 밥을 먹자고 하지 못했어요. 내 기분이 번질 것을 염려해서. 혼자 자주 밥을 먹다가 그런 생각이 드는 거죠. 이렇게 계속 혼자 밥을 먹다 죽으면 장례식장에는 누가 올까. 장례식장에 보통 아무나 오지는 않잖아요. 분명
[DEBUG|brunch.py:115] 2017-04-24 21:30:13,554 > 눈 푸르게 산책하실래요? :  몇 번 왔으나 이 료칸 주변의 아름다운 경치를 보며 산책할 기회를 갖지 못했었다. 오늘은 일행과 떨어져 초록으로 물들어 가는 이 마을을 걷기로 했다. 시간은 오후 다섯 시 반을 지나고 있었다. 그러니 해가 낮게 떨어져 논과 밭을 그리고 강줄기를, 나무와 꽃잎을, 드문드문 보이는 집들을 기일게 비추고 있었다. 손님들과 함께 다니느라 평소처
[DEBUG|brunch.py:115] 2017-04-24 21:30:13,556 > 인간관계의 최소화 : 나에겐 세 타입의 인간관계(친구) 가 있다. A타입. 정든 친구 추억과 가십을 주로 나누는 관계. 서로의 안부는 공유하지만 나아가 비전이나 가치관을 나누기엔 어려움이 있다. 과거와 현재의 실제의 '사건' 이상의 깊은 이야기에 대한 공감대가 없어 1차원적 이야기가 대부분이다. 감정의 교류는 있지만 생각의 교류는 거의 없다. 대화 주제는 몇 시간도 안되어 동
[DEBUG|brunch.py:115] 2017-04-24 21:30:13,557 > 루체떼 :  
[DEBUG|brunch.py:115] 2017-04-24 21:30:13,558 > 중간관리자가 되는 법 : 내 아내는 운 좋게도 얼마 전부터 다시 일을 시작했다. 결혼할 때부터 일을 쉬었는데 딸이 태어나고 중국에 몇 년 살면서 요즘 유행하는 '경단녀' 생활을 6년 가까이하다가 이번에 지인 찬스로 다시 회사에 다닐 수 있었다. 그것도 무려 '팀장'으로. 보아하니 밑에 직원이 열명이 넘는 것 같던데 (지금 나보다 많다!) 아내는 중간관리자가 처음이다. 아내 회사의 
[DEBUG|brunch.py:115] 2017-04-24 21:30:13,560 > 그래도 답은 사랑이야 : 로맨틱한 단어와 아름다운 도시의 이름이 더해진 제목 <나의 사랑, 그리스>는 로맨스 혹은 로맨틱 코미디의 낭만적이고 발랄한 느낌을 연상하게 한다. 그 제목처럼 애절한 로맨스가 있는 영화는 맞다. 하지만 앞서 기대한 낭만적인 무드를 어필하기보다는 너무도 현실적인 지금의 그리스를 옮겨와 기시감과 서글픔을 주는 독특한 영화다. <나의 사랑, 그리스>는 원제와 
[DEBUG|brunch.py:115] 2017-04-24 21:30:13,562 > 사랑의 방식은 사람마다 다르지만 : 날 사랑하긴 하는 거냐며 물었고, 당신은 당신만의 방식으로 나를 사랑하는 중이라고 말했다. 당신만의 방식. 나는 당신의 사랑방식을 이해하기 어려웠다. 내가 당신에게 화가 날 때도, 기분이 언짢을 때도 당신은 나에게 혼자 풀고 기분이 나아지면 연락하라고 했다. 나는 당신의 생활이 궁금해서 물어본 것뿐인데 당신은 그것을 오로지 나의 집착으로만 받아들였
[INFO|brunch.py:86] 2017-04-24 21:31:13,504 > 지구한바퀴세계여행 : /keyword/지구한바퀴_세계여행?q=g
[INFO|brunch.py:86] 2017-04-24 21:31:13,505 > 그림·웹툰 : /keyword/그림·웹툰?q=g
[INFO|brunch.py:86] 2017-04-24 21:31:13,506 > 시사·이슈 : /keyword/시사·이슈?q=g
[INFO|brunch.py:86] 2017-04-24 21:31:13,507 > IT트렌드 : /keyword/IT_트렌드?q=g
[INFO|brunch.py:86] 2017-04-24 21:31:13,507 > 사진·촬영 : /keyword/사진·촬영?q=g
[INFO|brunch.py:86] 2017-04-24 21:31:13,508 > 취향저격영화 리뷰 : /keyword/취향저격_영화_리뷰?q=g
[INFO|brunch.py:86] 2017-04-24 21:31:13,508 > 오늘은이런 책 : /keyword/오늘은_이런_책?q=g
[INFO|brunch.py:86] 2017-04-24 21:31:13,509 > 뮤직인사이드 : /keyword/뮤직_인사이드?q=g
[INFO|brunch.py:86] 2017-04-24 21:31:13,510 > 글쓰기코치 : /keyword/글쓰기_코치?q=g
[INFO|brunch.py:86] 2017-04-24 21:31:13,510 > 직장인현실 조언 : /keyword/직장인_현실_조언?q=g
[INFO|brunch.py:86] 2017-04-24 21:31:13,511 > 스타트업경험담 : /keyword/스타트업_경험담?q=g
[INFO|brunch.py:86] 2017-04-24 21:31:13,512 > 육아이야기 : /keyword/육아_이야기?q=g
[INFO|brunch.py:86] 2017-04-24 21:31:13,512 > 요리레시피 : /keyword/요리_레시피?q=g
[INFO|brunch.py:86] 2017-04-24 21:31:13,513 > 건강·운동 : /keyword/건강·운동?q=g
[INFO|brunch.py:86] 2017-04-24 21:31:13,514 > 멘탈 관리심리 탐구 : /keyword/멘탈_관리_심리_탐구?q=g
[INFO|brunch.py:86] 2017-04-24 21:31:13,514 > 디자인스토리 : /keyword/디자인_스토리?q=g
[INFO|brunch.py:86] 2017-04-24 21:31:13,515 > 문화·예술 : /keyword/문화·예술?q=g
[INFO|brunch.py:86] 2017-04-24 21:31:13,516 > 건축·설계 : /keyword/건축·설계?q=g
[INFO|brunch.py:86] 2017-04-24 21:31:13,516 > 인문학·철학 : /keyword/인문학·철학?q=g
[INFO|brunch.py:86] 2017-04-24 21:31:13,517 > 쉽게 읽는역사 : /keyword/쉽게_읽는_역사?q=g
[INFO|brunch.py:86] 2017-04-24 21:31:13,517 > 우리집반려동물 : /keyword/우리집_반려동물?q=g
[INFO|brunch.py:86] 2017-04-24 21:31:13,518 > 멋진캘리그래피 : /keyword/멋진_캘리그래피?q=g
[INFO|brunch.py:86] 2017-04-24 21:31:13,519 > 사랑·이별 : /keyword/사랑·이별?q=g
[INFO|brunch.py:86] 2017-04-24 21:31:13,519 > 감성에세이 : /keyword/감성_에세이?q=g
[DEBUG|brunch.py:115] 2017-04-24 21:31:13,594 > 알아두면 유용한 생활 속 꿀팁 4가지 : 일상 생활에서 간단하게 활용할 수 있는 생활 속 꿀팁 4가지 정보를 소개합니다. 무뎌진 칼날 세우는 법, 볼펜 새것처럼 나오게 만드는 방법, 탄산음료 보관 방법, 피자 촉촉하게 데우는 방법 등을 확인해 보세요~! 알아두면 유용한 생활 속 꿀팁 4가지 무뎌진 칼날 날카롭게 만드는 방법 칼을 갈 수 있는 전용 칼갈이 없이도 집에서 간단하게 무뎌진 칼날을 갈
[DEBUG|brunch.py:115] 2017-04-24 21:31:13,596 > 좋은 죽음이란 무엇인가 : 우리는 죽음에 대해서 얼마나 알고 있을까. 아니, 죽음에 대해 제대로 알고 있는 사람이 있긴 한 것일까. 죽음은 인간 역사 동안 인간들이 전혀 알 수 없던 유일한 미지의 세계이다. 그 누구도 죽음 이후를 알 순 없다. 죽음 그 이후를 알 순 없더라도, 우린 모두 죽게 된다. 만약에 죽음이 우리에게 닥친다면 어떤 반응을 보일까. <어떻게 죽음을 마주할 것인
[DEBUG|brunch.py:115] 2017-04-24 21:31:13,597 > 비행기를 왼쪽으로 타는 이유 : 우리는 대칭과 균형을 볼 때 안정감을 느낀다. 대칭 화면을 위해 영화관의 중앙 좌석을 선택하고, 양쪽 차선의 수가 맞게 중앙선을 긋고, 보고서도 오와 열을 맞춰 쓴다. 하지만, 모든 것이 중앙에 놓이고 균형이 맞을 수는 없는 법. 물 잔은 왼쪽에 빵은 오른쪽에, 영화관의 어느 쪽 팔걸이가 내 팔걸이인지, 짜장이냐 짬뽕이냐 등등 우리는 이분법적인 선택을 종종
[DEBUG|brunch.py:115] 2017-04-24 21:31:13,598 > 극한직업 화장품개발자 편 : 07. 화장품 개발자(BM)에 대해 이야기해보면 재밌을 거 같아서 몇년간 제가 보고 들은 것들과 BM분들과의 약간의 인터뷰를 통해 이야기를 만들어봤어요. 세상에 힘들지 않은 일이 어디있겠냐만, 이 직업 역시 보여지는 것들에 비해 힘들고 어려운 일입니다. 누구보다 화장품을 사랑하는 맘이 있어야 할 수 있는 직업이 아닐까 싶어요~ (난못해) 혹시나 이 글
[DEBUG|brunch.py:115] 2017-04-24 21:31:13,600 > 10년전 아파트 VS 지금의 아파트, 무엇이 바뀌었나 :  주택시장 변화에 민감한 아파트 아파트는 우리나라의 대표적인 주거 유형입니다. 거주유형의 절반가량이 아파트에 사니까요. 그만큼 다른 유형의 주택보다 주택시장의 변화에 가장 민감하게 반응해 트렌드도 빠르게 바뀌죠. 아파트 트렌드 변화 이유는? 시대가 바뀌고 사회가 변화하면서 아파트 트렌드도 변하는데요. 최근의 주거 트렌드를 이해하기 위해서는 실수요자의 특
[DEBUG|brunch.py:115] 2017-04-24 21:31:13,601 > 예비신부의 전세살이②: 귀찮은 전입신고, 왜 해야할까? : 지난 편에서, A씨는 부동산 전문가인 B씨를 찾아가 전세 계약 후 가장 먼저 해야 할 것이 무엇인지 문의했습니다. 그러자 B씨는 전입신고에 관해서 이야기를 꺼냈습니다. A씨도 전입신고에 대해서는 얼핏 들어 알고 있었습니다. 하지만 왜 해야 하는지 정확한 이유에 대해서는 잘 알지 못했죠. 전세로 들어가게 되면 제일 먼저 해야 하는 것은 ‘전입신고와 확정일자’
[DEBUG|brunch.py:115] 2017-04-24 21:31:13,607 > 아날로그 스마트워치 : 스마트워치는 기존의 유명 시계 메이커들이 넘보기 굉장히 어려운 분야이다. 기존 회사들이 확보하고 있던 시계에 대한 기술력이 스마트워치 시장에서는 무의미하기 때문이다. 이는 현재 시장을 점령하고 있는 거의 모든 스마트워치들이 전자기기 회사에서 내놓은 제품이라는 사실에서도 잘 드러난다. 그래도 하이엔드 시계브랜드는 상대적으로 스마트워치 시장의 대두로 인한 
[DEBUG|brunch.py:115] 2017-04-24 21:31:13,608 > 2017 욕실 인테리어 트렌드 7가지 : 욕실은 집에 있는 공간 중 가장 프라이빗한 휴식공간이라고 할 수 있는 공간인데요~ 욕실 인테리어도 매년 트렌드가 바뀌고 있습니다! 1) 기능적 수납공간을 중시한 욕실 욕실엔 비치해 놓아야 할 물건들이 정말 많은데요! 이런 물건들을 위한 수납장이 좁은 욕실에 공간을 차지할 수가 있습니다. 벽에 깊이를 내어 수납공간을 만들면 공간을 차지하지 않아 넓어 보일 수
[DEBUG|brunch.py:115] 2017-04-24 21:31:13,610 > 11자 복근 만들기! 복부 측면 근육 운동 3가지 : 체지방을 뚫고 나와 생기는 선명한 복근은 누구나 한번쯤 만들고 싶은 몸매입니다. 여름이 다가오기 전 11자 복근 만들기에 도전해보세요. 복부 측면 근육을 만들 수 있는 운동 3가지를 소개합니다. 11자 복근 만들기! 복부 측면 근육 운동 3가지 1. 다리 들어 움직이는 운동 등을 바닥에 대고 똑바로 눕습니다. 두 다리를 엉덩이 위로 들어 올려 뻗고, 
[DEBUG|brunch.py:115] 2017-04-24 21:31:13,612 > 청춘이라서 슬프고 힘들다. : 청춘. 예전이었다면 설렐 단어였겠지만 이제는 듣기만 해도 슬퍼지고 힘들어지는 단어다. 여행을 다녀온 후 많은 기사를 접했고 여전히 나라는 시끄러웠다. 그 사이 새로운 직장, 새로운 직업이 나에겐 새로운 도전으로 다가왔다. 새로운 직업은 그동안 했던 일과는 전혀 관련 없는 새로운 일이고, 어린 꼬맹이들부터 나이가 지긋하신 어르신까지 모든 연령층과 만나고 대화
[DEBUG|brunch.py:115] 2017-04-24 21:31:13,613 > 날씨가 좋아서 듣고 싶어진 노래 : 요즘 날씨가 정말 좋습니다. 미세먼지가 있지만 그래도 춥다가 따뜻해지니까 어디론가 나가서 계속 걷고 날씨를 느끼고 싶고 더 가까워지고 싶고 그런 날의 연속입니다. 그럴 때, 듣고 싶어지는 노래. 사실 오늘의 제 플레이리스트입니다. 매일 아침 엘리베이터를 타고 1층으로 내려가서 아파트 정문을 지나갈 때까지 그날 들을 곡 10개를 고르는데요. 같이 듣고
[DEBUG|brunch.py:115] 2017-04-24 21:31:13,615 > 여행자들에게 가장 인기 있는 오사카 호텔 TOP 10 : 가까운 거리, 수많은 맛집, 다양한 볼 거리가 넘쳐 언제나 사랑받는 여행지 오사카. 여행자들에게 가장 사랑받은 인기 호텔들은 어디일까? 2016년 익스피디아에서 유저들이 가장 많이 예약한 인기 오사카 호텔 TOP 10을 소개한다. 1위, 호텔 선루트 오사카 남바 오사카 인기 호텔 1위, '호텔 선루트 오사카 남바'. 오사카의 번화가 도톤보리 한복판에 위치한
[DEBUG|brunch.py:115] 2017-04-24 21:31:13,616 > 이게 우정이 아니면 뭐겠어? : 이게 우정이 아니면 뭐겠어? 『보노보노처럼 살다니 다행이야』 #06. 같이 울어주기보다는 같이 웃어주는 것. 같이 울다가도 웃음이 터져버려서, 시끄러우니까 그만 좀 웃으라고 서로 등짝을 때리는 것. 친구가 새로운 욕을 만들면 참신하다, 입에 착착 붙는다며 감탄해주는 것. 아무리 내 스타일이 아니어도 친구 앞에서는 그 욕을 애용해주는 것. 실연당해 사경
[DEBUG|brunch.py:115] 2017-04-24 21:31:13,617 > 러플(Ruffle) 핫 트렌드로 주목 : 이번 시즌 풍성하고 과감한 ‘러플(Ruffle)’이 핫 트렌드로 떠올랐다.(원문보기) 러플은 페미닌하고 로맨틱한 스타일로 지난 16시즌 런웨이에서부터 계속해서 주목을 받으며 러플, 셔링, 프릴 등이 주요한 디테일로 부상하고 있다. 로맨틱한 소녀 감성의 하늘하늘한 프릴, 셔링부터 빅토리안 시대의 로맨틱한 개더, 러플 등의 디테일들이 런웨이에 다양하게 등장
[DEBUG|brunch.py:115] 2017-04-24 21:31:13,619 > 인스탁스가 변했다! : 세상의 모든 아름다움은 네모 안에 있다. 내 인생에서 빛나는 순간은 모두 사각 프레임 안에 들었다. 비록 내 삶은 비루할지언정, 나의 소셜미디어는 참으로 아름답도다! 디지털 이미지로 존재하던 내 세상을 이따금 세상 밖으로 꺼내주던 즉석카메라 인스탁스가 변했다. 너무 변해서 이건 다시 태어난 수준. 이번에 출시된 인스탁스 스퀘어 SQ10에는 LCD 액정
[DEBUG|brunch.py:115] 2017-04-24 21:31:13,620 > 소비패턴을 파악하는 방법! : 지금까지는 대부분 공부법에 관한 글을 올렸는데요. 이번 글부터는 재테크 관련 글도 하나씩 올려볼까 합니다. 재테크는 아무래도 돈에 관련된 분야이다 보니 많은 분들께서 관심을 가지고 계십니다. 그러나 살면서 꼭 알아야 하는 기술임에도 어디에서도 제대로 가르쳐주지 않습니다. 스스로 공부하지 않으면 결국 남에게 의존할 수밖에 없습니다. 저 역시 평소 재테크에
[DEBUG|brunch.py:115] 2017-04-24 21:31:13,622 > 굿 윌 헌팅 : 사람들은 영화를 통해서 영감을 얻곤 한다. 우리에게 널리 알려져 있는 영화 중에서 꼽자면 이 영화를 빼놓을 수는 없을 것이다. 이 영화에서 윌은 수학천재로 등장한다. 그러나 그는 그 천재성을 전혀 살리지 못한 채 생활하고 있다. 분명히 아는 사람이라면 그를 알아보고 등용해줄 수 있을 것이라고 생각이 들 정도다. 그런 영리한 머리를 노동에 썩힐 수
[DEBUG|brunch.py:115] 2017-04-24 21:31:13,623 > 타인을 위한 배려 : '김PD의 인문학 여행' (44) 나를 중심에 놓기에도 바쁜 세상 속에서 타인을 배려한다는 게 여간해서는 쉬운 일이 아니다. 오늘은 한 재즈 기타리스트와 나누었던 대화 내용 하나를 공개할 생각이다. 누군가의 눈에는 별 대단한 일도 아닐 수도 있겠지만, 나에게는 아주 특별하고 조금은 잔잔한 감동을 주었던 이야기다. 화제의 주인공은 남아공 출신의 기타리스트 
[DEBUG|brunch.py:115] 2017-04-24 21:31:13,625 > 물건 사달라고 떼쓰는 아이, 왜 그럴까? : 서점, 백화점, 마트 등에 쇼핑을 갔을 때 아이가 물건을 사달라고 떼를 쓰면 주면 사람들의 이목도 신경 쓰이고 여간 곤란한 것이 아닙니다. 울면서 바닥에 들어 눕는 등 감정이 폭발하는 아이들도 있지요. 과연 아이는 그 물건이 정말로 가지고 싶고, 필요해서일까요? 어쩌면 엄마에게 관심과 사랑을 받고 싶은 마음이 새로운 물건을 사서 채우고 싶은 애정결핍형 떼쓰
[DEBUG|brunch.py:115] 2017-04-24 21:31:13,627 > 해외가족여행 추천, 일본북해도여행 3박4일 코스 : 흔히들 말한다. 여행은 어디를 가느냐 보다는 누구와 함께하느냐가 더 중요하다고 말이지. 친구와 함께하는 여행, 혼자 하는 여행, 남자친구 여자친구와 함께하는 커플 여행, 동료와 함께하는 여행 등등... 많고 많은 여행 타입들 중에서도 가장 예측할 수 없는건 바로 '가족여행' 아닐까 싶다. 사소한 문제로 트러블이 생길 수도 있고, 개개인의 취향과 성격을 더
[DEBUG|brunch.py:115] 2017-04-24 21:31:13,628 > #49. 연인과 논쟁하지 않아야 하는 이유 : "어디서부터 잘못된거지 모르겠다"헤어지기 전, 우리는 종종 이런 말을 했다.서로를 하루라도 안 보면 슬퍼하고매일 같이 사랑의 이야기를 속삭이던 우리가,왜 이렇게 서로를 헐뜯는 사이가 되었을까.왜 이렇게 하루가 멀다하고 다투기만 할까.헤어지기 전에는 그가 변해서 그렇다고 생각했다.그가 변해서 나도 변했고, 모든 것은 그의 탓이라고.헤어지고 나서는 생각한다.헤
[DEBUG|brunch.py:115] 2017-04-24 21:31:13,630 > 헤어진 연인과의 연애  : 헤어지는 데는 이유가 있다. 두 사람이 만나는 데는 이유가 있듯이, 그 헤어짐에도 분명 이유가 있다. 누군가와 감정에만 쏠려서 대충, 막 만난 것이 아니라면 그렇게 많은 고민을 하고 여러 과정을 거쳐서 사귀기 시작한 사람과 쉽게 헤어지지는 않을 것 아닌가? 만약 헤어짐에 마땅한 이유도 없고, 헤어지는 말을 쉽게 던지는 사람이 있다면 사실은 문제는 그런 사
[DEBUG|brunch.py:115] 2017-04-24 21:31:13,631 > 밥 먹자는 말이 어떤 말인지 아세요 : 밥을 먹자고 먼저 안부를 물어오는 사람들의 숫자가 훗날 내 죽음의 식장에 오는 사람들의 숫자라고 생각하면 그건 너무 비극적인가요. 최근 밥을 먹자고 하지 못했어요. 내 기분이 번질 것을 염려해서. 혼자 자주 밥을 먹다가 그런 생각이 드는 거죠. 이렇게 계속 혼자 밥을 먹다 죽으면 장례식장에는 누가 올까. 장례식장에 보통 아무나 오지는 않잖아요. 분명
[DEBUG|brunch.py:115] 2017-04-24 21:31:13,632 > 눈 푸르게 산책하실래요? :  몇 번 왔으나 이 료칸 주변의 아름다운 경치를 보며 산책할 기회를 갖지 못했었다. 오늘은 일행과 떨어져 초록으로 물들어 가는 이 마을을 걷기로 했다. 시간은 오후 다섯 시 반을 지나고 있었다. 그러니 해가 낮게 떨어져 논과 밭을 그리고 강줄기를, 나무와 꽃잎을, 드문드문 보이는 집들을 기일게 비추고 있었다. 손님들과 함께 다니느라 평소처
[DEBUG|brunch.py:115] 2017-04-24 21:31:13,634 > 인간관계의 최소화 : 나에겐 세 타입의 인간관계(친구) 가 있다. A타입. 정든 친구 추억과 가십을 주로 나누는 관계. 서로의 안부는 공유하지만 나아가 비전이나 가치관을 나누기엔 어려움이 있다. 과거와 현재의 실제의 '사건' 이상의 깊은 이야기에 대한 공감대가 없어 1차원적 이야기가 대부분이다. 감정의 교류는 있지만 생각의 교류는 거의 없다. 대화 주제는 몇 시간도 안되어 동
[DEBUG|brunch.py:115] 2017-04-24 21:31:13,636 > 루체떼 :  
[DEBUG|brunch.py:115] 2017-04-24 21:31:13,637 > 중간관리자가 되는 법 : 내 아내는 운 좋게도 얼마 전부터 다시 일을 시작했다. 결혼할 때부터 일을 쉬었는데 딸이 태어나고 중국에 몇 년 살면서 요즘 유행하는 '경단녀' 생활을 6년 가까이하다가 이번에 지인 찬스로 다시 회사에 다닐 수 있었다. 그것도 무려 '팀장'으로. 보아하니 밑에 직원이 열명이 넘는 것 같던데 (지금 나보다 많다!) 아내는 중간관리자가 처음이다. 아내 회사의 
[DEBUG|brunch.py:115] 2017-04-24 21:31:13,638 > 그래도 답은 사랑이야 : 로맨틱한 단어와 아름다운 도시의 이름이 더해진 제목 <나의 사랑, 그리스>는 로맨스 혹은 로맨틱 코미디의 낭만적이고 발랄한 느낌을 연상하게 한다. 그 제목처럼 애절한 로맨스가 있는 영화는 맞다. 하지만 앞서 기대한 낭만적인 무드를 어필하기보다는 너무도 현실적인 지금의 그리스를 옮겨와 기시감과 서글픔을 주는 독특한 영화다. <나의 사랑, 그리스>는 원제와 
[DEBUG|brunch.py:115] 2017-04-24 21:31:13,640 > 사랑의 방식은 사람마다 다르지만 : 날 사랑하긴 하는 거냐며 물었고, 당신은 당신만의 방식으로 나를 사랑하는 중이라고 말했다. 당신만의 방식. 나는 당신의 사랑방식을 이해하기 어려웠다. 내가 당신에게 화가 날 때도, 기분이 언짢을 때도 당신은 나에게 혼자 풀고 기분이 나아지면 연락하라고 했다. 나는 당신의 생활이 궁금해서 물어본 것뿐인데 당신은 그것을 오로지 나의 집착으로만 받아들였
[INFO|brunch.py:86] 2017-04-24 22:00:17,783 > 지구한바퀴세계여행 : /keyword/지구한바퀴_세계여행?q=g
[INFO|brunch.py:86] 2017-04-24 22:00:17,784 > 그림·웹툰 : /keyword/그림·웹툰?q=g
[INFO|brunch.py:86] 2017-04-24 22:00:17,785 > 시사·이슈 : /keyword/시사·이슈?q=g
[INFO|brunch.py:86] 2017-04-24 22:00:17,786 > IT트렌드 : /keyword/IT_트렌드?q=g
[INFO|brunch.py:86] 2017-04-24 22:00:17,787 > 사진·촬영 : /keyword/사진·촬영?q=g
[INFO|brunch.py:86] 2017-04-24 22:00:17,788 > 취향저격영화 리뷰 : /keyword/취향저격_영화_리뷰?q=g
[INFO|brunch.py:86] 2017-04-24 22:00:17,788 > 오늘은이런 책 : /keyword/오늘은_이런_책?q=g
[INFO|brunch.py:86] 2017-04-24 22:00:17,789 > 뮤직인사이드 : /keyword/뮤직_인사이드?q=g
[INFO|brunch.py:86] 2017-04-24 22:00:17,790 > 글쓰기코치 : /keyword/글쓰기_코치?q=g
[INFO|brunch.py:86] 2017-04-24 22:00:17,791 > 직장인현실 조언 : /keyword/직장인_현실_조언?q=g
[INFO|brunch.py:86] 2017-04-24 22:00:17,792 > 스타트업경험담 : /keyword/스타트업_경험담?q=g
[INFO|brunch.py:86] 2017-04-24 22:00:17,793 > 육아이야기 : /keyword/육아_이야기?q=g
[INFO|brunch.py:86] 2017-04-24 22:00:17,794 > 요리레시피 : /keyword/요리_레시피?q=g
[INFO|brunch.py:86] 2017-04-24 22:00:17,795 > 건강·운동 : /keyword/건강·운동?q=g
[INFO|brunch.py:86] 2017-04-24 22:00:17,795 > 멘탈 관리심리 탐구 : /keyword/멘탈_관리_심리_탐구?q=g
[INFO|brunch.py:86] 2017-04-24 22:00:17,796 > 디자인스토리 : /keyword/디자인_스토리?q=g
[INFO|brunch.py:86] 2017-04-24 22:00:17,797 > 문화·예술 : /keyword/문화·예술?q=g
[INFO|brunch.py:86] 2017-04-24 22:00:17,798 > 건축·설계 : /keyword/건축·설계?q=g
[INFO|brunch.py:86] 2017-04-24 22:00:17,799 > 인문학·철학 : /keyword/인문학·철학?q=g
[INFO|brunch.py:86] 2017-04-24 22:00:17,800 > 쉽게 읽는역사 : /keyword/쉽게_읽는_역사?q=g
[INFO|brunch.py:86] 2017-04-24 22:00:17,801 > 우리집반려동물 : /keyword/우리집_반려동물?q=g
[INFO|brunch.py:86] 2017-04-24 22:00:17,802 > 멋진캘리그래피 : /keyword/멋진_캘리그래피?q=g
[INFO|brunch.py:86] 2017-04-24 22:00:17,802 > 사랑·이별 : /keyword/사랑·이별?q=g
[INFO|brunch.py:86] 2017-04-24 22:00:17,803 > 감성에세이 : /keyword/감성_에세이?q=g
[DEBUG|brunch.py:115] 2017-04-24 22:00:17,874 > 알아두면 유용한 생활 속 꿀팁 4가지 : 일상 생활에서 간단하게 활용할 수 있는 생활 속 꿀팁 4가지 정보를 소개합니다. 무뎌진 칼날 세우는 법, 볼펜 새것처럼 나오게 만드는 방법, 탄산음료 보관 방법, 피자 촉촉하게 데우는 방법 등을 확인해 보세요~! 알아두면 유용한 생활 속 꿀팁 4가지 무뎌진 칼날 날카롭게 만드는 방법 칼을 갈 수 있는 전용 칼갈이 없이도 집에서 간단하게 무뎌진 칼날을 갈
[DEBUG|brunch.py:115] 2017-04-24 22:00:17,876 > 좋은 죽음이란 무엇인가 : 우리는 죽음에 대해서 얼마나 알고 있을까. 아니, 죽음에 대해 제대로 알고 있는 사람이 있긴 한 것일까. 죽음은 인간 역사 동안 인간들이 전혀 알 수 없던 유일한 미지의 세계이다. 그 누구도 죽음 이후를 알 순 없다. 죽음 그 이후를 알 순 없더라도, 우린 모두 죽게 된다. 만약에 죽음이 우리에게 닥친다면 어떤 반응을 보일까. <어떻게 죽음을 마주할 것인
[DEBUG|brunch.py:115] 2017-04-24 22:00:17,879 > 비행기를 왼쪽으로 타는 이유 : 우리는 대칭과 균형을 볼 때 안정감을 느낀다. 대칭 화면을 위해 영화관의 중앙 좌석을 선택하고, 양쪽 차선의 수가 맞게 중앙선을 긋고, 보고서도 오와 열을 맞춰 쓴다. 하지만, 모든 것이 중앙에 놓이고 균형이 맞을 수는 없는 법. 물 잔은 왼쪽에 빵은 오른쪽에, 영화관의 어느 쪽 팔걸이가 내 팔걸이인지, 짜장이냐 짬뽕이냐 등등 우리는 이분법적인 선택을 종종
[DEBUG|brunch.py:115] 2017-04-24 22:00:17,881 > 극한직업 화장품개발자 편 : 07. 화장품 개발자(BM)에 대해 이야기해보면 재밌을 거 같아서 몇년간 제가 보고 들은 것들과 BM분들과의 약간의 인터뷰를 통해 이야기를 만들어봤어요. 세상에 힘들지 않은 일이 어디있겠냐만, 이 직업 역시 보여지는 것들에 비해 힘들고 어려운 일입니다. 누구보다 화장품을 사랑하는 맘이 있어야 할 수 있는 직업이 아닐까 싶어요~ (난못해) 혹시나 이 글
[DEBUG|brunch.py:115] 2017-04-24 22:00:17,884 > 10년전 아파트 VS 지금의 아파트, 무엇이 바뀌었나 :  주택시장 변화에 민감한 아파트 아파트는 우리나라의 대표적인 주거 유형입니다. 거주유형의 절반가량이 아파트에 사니까요. 그만큼 다른 유형의 주택보다 주택시장의 변화에 가장 민감하게 반응해 트렌드도 빠르게 바뀌죠. 아파트 트렌드 변화 이유는? 시대가 바뀌고 사회가 변화하면서 아파트 트렌드도 변하는데요. 최근의 주거 트렌드를 이해하기 위해서는 실수요자의 특
[DEBUG|brunch.py:115] 2017-04-24 22:00:17,886 > 예비신부의 전세살이②: 귀찮은 전입신고, 왜 해야할까? : 지난 편에서, A씨는 부동산 전문가인 B씨를 찾아가 전세 계약 후 가장 먼저 해야 할 것이 무엇인지 문의했습니다. 그러자 B씨는 전입신고에 관해서 이야기를 꺼냈습니다. A씨도 전입신고에 대해서는 얼핏 들어 알고 있었습니다. 하지만 왜 해야 하는지 정확한 이유에 대해서는 잘 알지 못했죠. 전세로 들어가게 되면 제일 먼저 해야 하는 것은 ‘전입신고와 확정일자’
[DEBUG|brunch.py:115] 2017-04-24 22:00:17,892 > 아날로그 스마트워치 : 스마트워치는 기존의 유명 시계 메이커들이 넘보기 굉장히 어려운 분야이다. 기존 회사들이 확보하고 있던 시계에 대한 기술력이 스마트워치 시장에서는 무의미하기 때문이다. 이는 현재 시장을 점령하고 있는 거의 모든 스마트워치들이 전자기기 회사에서 내놓은 제품이라는 사실에서도 잘 드러난다. 그래도 하이엔드 시계브랜드는 상대적으로 스마트워치 시장의 대두로 인한 
[DEBUG|brunch.py:115] 2017-04-24 22:00:17,895 > 2017 욕실 인테리어 트렌드 7가지 : 욕실은 집에 있는 공간 중 가장 프라이빗한 휴식공간이라고 할 수 있는 공간인데요~ 욕실 인테리어도 매년 트렌드가 바뀌고 있습니다! 1) 기능적 수납공간을 중시한 욕실 욕실엔 비치해 놓아야 할 물건들이 정말 많은데요! 이런 물건들을 위한 수납장이 좁은 욕실에 공간을 차지할 수가 있습니다. 벽에 깊이를 내어 수납공간을 만들면 공간을 차지하지 않아 넓어 보일 수
[DEBUG|brunch.py:115] 2017-04-24 22:00:17,897 > 11자 복근 만들기! 복부 측면 근육 운동 3가지 : 체지방을 뚫고 나와 생기는 선명한 복근은 누구나 한번쯤 만들고 싶은 몸매입니다. 여름이 다가오기 전 11자 복근 만들기에 도전해보세요. 복부 측면 근육을 만들 수 있는 운동 3가지를 소개합니다. 11자 복근 만들기! 복부 측면 근육 운동 3가지 1. 다리 들어 움직이는 운동 등을 바닥에 대고 똑바로 눕습니다. 두 다리를 엉덩이 위로 들어 올려 뻗고, 
[DEBUG|brunch.py:115] 2017-04-24 22:00:17,900 > 청춘이라서 슬프고 힘들다. : 청춘. 예전이었다면 설렐 단어였겠지만 이제는 듣기만 해도 슬퍼지고 힘들어지는 단어다. 여행을 다녀온 후 많은 기사를 접했고 여전히 나라는 시끄러웠다. 그 사이 새로운 직장, 새로운 직업이 나에겐 새로운 도전으로 다가왔다. 새로운 직업은 그동안 했던 일과는 전혀 관련 없는 새로운 일이고, 어린 꼬맹이들부터 나이가 지긋하신 어르신까지 모든 연령층과 만나고 대화
[DEBUG|brunch.py:115] 2017-04-24 22:00:17,902 > 날씨가 좋아서 듣고 싶어진 노래 : 요즘 날씨가 정말 좋습니다. 미세먼지가 있지만 그래도 춥다가 따뜻해지니까 어디론가 나가서 계속 걷고 날씨를 느끼고 싶고 더 가까워지고 싶고 그런 날의 연속입니다. 그럴 때, 듣고 싶어지는 노래. 사실 오늘의 제 플레이리스트입니다. 매일 아침 엘리베이터를 타고 1층으로 내려가서 아파트 정문을 지나갈 때까지 그날 들을 곡 10개를 고르는데요. 같이 듣고
[DEBUG|brunch.py:115] 2017-04-24 22:00:17,905 > 여행자들에게 가장 인기 있는 오사카 호텔 TOP 10 : 가까운 거리, 수많은 맛집, 다양한 볼 거리가 넘쳐 언제나 사랑받는 여행지 오사카. 여행자들에게 가장 사랑받은 인기 호텔들은 어디일까? 2016년 익스피디아에서 유저들이 가장 많이 예약한 인기 오사카 호텔 TOP 10을 소개한다. 1위, 호텔 선루트 오사카 남바 오사카 인기 호텔 1위, '호텔 선루트 오사카 남바'. 오사카의 번화가 도톤보리 한복판에 위치한
[DEBUG|brunch.py:115] 2017-04-24 22:00:17,906 > 이게 우정이 아니면 뭐겠어? : 이게 우정이 아니면 뭐겠어? 『보노보노처럼 살다니 다행이야』 #06. 같이 울어주기보다는 같이 웃어주는 것. 같이 울다가도 웃음이 터져버려서, 시끄러우니까 그만 좀 웃으라고 서로 등짝을 때리는 것. 친구가 새로운 욕을 만들면 참신하다, 입에 착착 붙는다며 감탄해주는 것. 아무리 내 스타일이 아니어도 친구 앞에서는 그 욕을 애용해주는 것. 실연당해 사경
[DEBUG|brunch.py:115] 2017-04-24 22:00:17,908 > 러플(Ruffle) 핫 트렌드로 주목 : 이번 시즌 풍성하고 과감한 ‘러플(Ruffle)’이 핫 트렌드로 떠올랐다.(원문보기) 러플은 페미닌하고 로맨틱한 스타일로 지난 16시즌 런웨이에서부터 계속해서 주목을 받으며 러플, 셔링, 프릴 등이 주요한 디테일로 부상하고 있다. 로맨틱한 소녀 감성의 하늘하늘한 프릴, 셔링부터 빅토리안 시대의 로맨틱한 개더, 러플 등의 디테일들이 런웨이에 다양하게 등장
[DEBUG|brunch.py:115] 2017-04-24 22:00:17,910 > 인스탁스가 변했다! : 세상의 모든 아름다움은 네모 안에 있다. 내 인생에서 빛나는 순간은 모두 사각 프레임 안에 들었다. 비록 내 삶은 비루할지언정, 나의 소셜미디어는 참으로 아름답도다! 디지털 이미지로 존재하던 내 세상을 이따금 세상 밖으로 꺼내주던 즉석카메라 인스탁스가 변했다. 너무 변해서 이건 다시 태어난 수준. 이번에 출시된 인스탁스 스퀘어 SQ10에는 LCD 액정
[DEBUG|brunch.py:115] 2017-04-24 22:00:17,912 > 소비패턴을 파악하는 방법! : 지금까지는 대부분 공부법에 관한 글을 올렸는데요. 이번 글부터는 재테크 관련 글도 하나씩 올려볼까 합니다. 재테크는 아무래도 돈에 관련된 분야이다 보니 많은 분들께서 관심을 가지고 계십니다. 그러나 살면서 꼭 알아야 하는 기술임에도 어디에서도 제대로 가르쳐주지 않습니다. 스스로 공부하지 않으면 결국 남에게 의존할 수밖에 없습니다. 저 역시 평소 재테크에
[DEBUG|brunch.py:115] 2017-04-24 22:00:17,914 > 굿 윌 헌팅 : 사람들은 영화를 통해서 영감을 얻곤 한다. 우리에게 널리 알려져 있는 영화 중에서 꼽자면 이 영화를 빼놓을 수는 없을 것이다. 이 영화에서 윌은 수학천재로 등장한다. 그러나 그는 그 천재성을 전혀 살리지 못한 채 생활하고 있다. 분명히 아는 사람이라면 그를 알아보고 등용해줄 수 있을 것이라고 생각이 들 정도다. 그런 영리한 머리를 노동에 썩힐 수
[DEBUG|brunch.py:115] 2017-04-24 22:00:17,915 > 타인을 위한 배려 : '김PD의 인문학 여행' (44) 나를 중심에 놓기에도 바쁜 세상 속에서 타인을 배려한다는 게 여간해서는 쉬운 일이 아니다. 오늘은 한 재즈 기타리스트와 나누었던 대화 내용 하나를 공개할 생각이다. 누군가의 눈에는 별 대단한 일도 아닐 수도 있겠지만, 나에게는 아주 특별하고 조금은 잔잔한 감동을 주었던 이야기다. 화제의 주인공은 남아공 출신의 기타리스트 
[DEBUG|brunch.py:115] 2017-04-24 22:00:17,917 > 물건 사달라고 떼쓰는 아이, 왜 그럴까? : 서점, 백화점, 마트 등에 쇼핑을 갔을 때 아이가 물건을 사달라고 떼를 쓰면 주면 사람들의 이목도 신경 쓰이고 여간 곤란한 것이 아닙니다. 울면서 바닥에 들어 눕는 등 감정이 폭발하는 아이들도 있지요. 과연 아이는 그 물건이 정말로 가지고 싶고, 필요해서일까요? 어쩌면 엄마에게 관심과 사랑을 받고 싶은 마음이 새로운 물건을 사서 채우고 싶은 애정결핍형 떼쓰
[DEBUG|brunch.py:115] 2017-04-24 22:00:17,919 > 해외가족여행 추천, 일본북해도여행 3박4일 코스 : 흔히들 말한다. 여행은 어디를 가느냐 보다는 누구와 함께하느냐가 더 중요하다고 말이지. 친구와 함께하는 여행, 혼자 하는 여행, 남자친구 여자친구와 함께하는 커플 여행, 동료와 함께하는 여행 등등... 많고 많은 여행 타입들 중에서도 가장 예측할 수 없는건 바로 '가족여행' 아닐까 싶다. 사소한 문제로 트러블이 생길 수도 있고, 개개인의 취향과 성격을 더
[DEBUG|brunch.py:115] 2017-04-24 22:00:17,921 > #49. 연인과 논쟁하지 않아야 하는 이유 : "어디서부터 잘못된거지 모르겠다"헤어지기 전, 우리는 종종 이런 말을 했다.서로를 하루라도 안 보면 슬퍼하고매일 같이 사랑의 이야기를 속삭이던 우리가,왜 이렇게 서로를 헐뜯는 사이가 되었을까.왜 이렇게 하루가 멀다하고 다투기만 할까.헤어지기 전에는 그가 변해서 그렇다고 생각했다.그가 변해서 나도 변했고, 모든 것은 그의 탓이라고.헤어지고 나서는 생각한다.헤
[DEBUG|brunch.py:115] 2017-04-24 22:00:17,923 > 헤어진 연인과의 연애  : 헤어지는 데는 이유가 있다. 두 사람이 만나는 데는 이유가 있듯이, 그 헤어짐에도 분명 이유가 있다. 누군가와 감정에만 쏠려서 대충, 막 만난 것이 아니라면 그렇게 많은 고민을 하고 여러 과정을 거쳐서 사귀기 시작한 사람과 쉽게 헤어지지는 않을 것 아닌가? 만약 헤어짐에 마땅한 이유도 없고, 헤어지는 말을 쉽게 던지는 사람이 있다면 사실은 문제는 그런 사
[DEBUG|brunch.py:115] 2017-04-24 22:00:17,924 > 밥 먹자는 말이 어떤 말인지 아세요 : 밥을 먹자고 먼저 안부를 물어오는 사람들의 숫자가 훗날 내 죽음의 식장에 오는 사람들의 숫자라고 생각하면 그건 너무 비극적인가요. 최근 밥을 먹자고 하지 못했어요. 내 기분이 번질 것을 염려해서. 혼자 자주 밥을 먹다가 그런 생각이 드는 거죠. 이렇게 계속 혼자 밥을 먹다 죽으면 장례식장에는 누가 올까. 장례식장에 보통 아무나 오지는 않잖아요. 분명
[DEBUG|brunch.py:115] 2017-04-24 22:00:17,926 > 눈 푸르게 산책하실래요? :  몇 번 왔으나 이 료칸 주변의 아름다운 경치를 보며 산책할 기회를 갖지 못했었다. 오늘은 일행과 떨어져 초록으로 물들어 가는 이 마을을 걷기로 했다. 시간은 오후 다섯 시 반을 지나고 있었다. 그러니 해가 낮게 떨어져 논과 밭을 그리고 강줄기를, 나무와 꽃잎을, 드문드문 보이는 집들을 기일게 비추고 있었다. 손님들과 함께 다니느라 평소처
[DEBUG|brunch.py:115] 2017-04-24 22:00:17,929 > 인간관계의 최소화 : 나에겐 세 타입의 인간관계(친구) 가 있다. A타입. 정든 친구 추억과 가십을 주로 나누는 관계. 서로의 안부는 공유하지만 나아가 비전이나 가치관을 나누기엔 어려움이 있다. 과거와 현재의 실제의 '사건' 이상의 깊은 이야기에 대한 공감대가 없어 1차원적 이야기가 대부분이다. 감정의 교류는 있지만 생각의 교류는 거의 없다. 대화 주제는 몇 시간도 안되어 동
[DEBUG|brunch.py:115] 2017-04-24 22:00:17,932 > 루체떼 :  
[DEBUG|brunch.py:115] 2017-04-24 22:00:17,934 > 중간관리자가 되는 법 : 내 아내는 운 좋게도 얼마 전부터 다시 일을 시작했다. 결혼할 때부터 일을 쉬었는데 딸이 태어나고 중국에 몇 년 살면서 요즘 유행하는 '경단녀' 생활을 6년 가까이하다가 이번에 지인 찬스로 다시 회사에 다닐 수 있었다. 그것도 무려 '팀장'으로. 보아하니 밑에 직원이 열명이 넘는 것 같던데 (지금 나보다 많다!) 아내는 중간관리자가 처음이다. 아내 회사의 
[DEBUG|brunch.py:115] 2017-04-24 22:00:17,937 > 그래도 답은 사랑이야 : 로맨틱한 단어와 아름다운 도시의 이름이 더해진 제목 <나의 사랑, 그리스>는 로맨스 혹은 로맨틱 코미디의 낭만적이고 발랄한 느낌을 연상하게 한다. 그 제목처럼 애절한 로맨스가 있는 영화는 맞다. 하지만 앞서 기대한 낭만적인 무드를 어필하기보다는 너무도 현실적인 지금의 그리스를 옮겨와 기시감과 서글픔을 주는 독특한 영화다. <나의 사랑, 그리스>는 원제와 
[DEBUG|brunch.py:115] 2017-04-24 22:00:17,939 > 사랑의 방식은 사람마다 다르지만 : 날 사랑하긴 하는 거냐며 물었고, 당신은 당신만의 방식으로 나를 사랑하는 중이라고 말했다. 당신만의 방식. 나는 당신의 사랑방식을 이해하기 어려웠다. 내가 당신에게 화가 날 때도, 기분이 언짢을 때도 당신은 나에게 혼자 풀고 기분이 나아지면 연락하라고 했다. 나는 당신의 생활이 궁금해서 물어본 것뿐인데 당신은 그것을 오로지 나의 집착으로만 받아들였
[INFO|brunch.py:86] 2017-04-24 22:01:14,234 > 지구한바퀴세계여행 : /keyword/지구한바퀴_세계여행?q=g
[INFO|brunch.py:86] 2017-04-24 22:01:14,234 > 그림·웹툰 : /keyword/그림·웹툰?q=g
[INFO|brunch.py:86] 2017-04-24 22:01:14,235 > 시사·이슈 : /keyword/시사·이슈?q=g
[INFO|brunch.py:86] 2017-04-24 22:01:14,235 > IT트렌드 : /keyword/IT_트렌드?q=g
[INFO|brunch.py:86] 2017-04-24 22:01:14,236 > 사진·촬영 : /keyword/사진·촬영?q=g
[INFO|brunch.py:86] 2017-04-24 22:01:14,236 > 취향저격영화 리뷰 : /keyword/취향저격_영화_리뷰?q=g
[INFO|brunch.py:86] 2017-04-24 22:01:14,237 > 오늘은이런 책 : /keyword/오늘은_이런_책?q=g
[INFO|brunch.py:86] 2017-04-24 22:01:14,237 > 뮤직인사이드 : /keyword/뮤직_인사이드?q=g
[INFO|brunch.py:86] 2017-04-24 22:01:14,238 > 글쓰기코치 : /keyword/글쓰기_코치?q=g
[INFO|brunch.py:86] 2017-04-24 22:01:14,238 > 직장인현실 조언 : /keyword/직장인_현실_조언?q=g
[INFO|brunch.py:86] 2017-04-24 22:01:14,239 > 스타트업경험담 : /keyword/스타트업_경험담?q=g
[INFO|brunch.py:86] 2017-04-24 22:01:14,239 > 육아이야기 : /keyword/육아_이야기?q=g
[INFO|brunch.py:86] 2017-04-24 22:01:14,240 > 요리레시피 : /keyword/요리_레시피?q=g
[INFO|brunch.py:86] 2017-04-24 22:01:14,240 > 건강·운동 : /keyword/건강·운동?q=g
[INFO|brunch.py:86] 2017-04-24 22:01:14,241 > 멘탈 관리심리 탐구 : /keyword/멘탈_관리_심리_탐구?q=g
[INFO|brunch.py:86] 2017-04-24 22:01:14,241 > 디자인스토리 : /keyword/디자인_스토리?q=g
[INFO|brunch.py:86] 2017-04-24 22:01:14,242 > 문화·예술 : /keyword/문화·예술?q=g
[INFO|brunch.py:86] 2017-04-24 22:01:14,242 > 건축·설계 : /keyword/건축·설계?q=g
[INFO|brunch.py:86] 2017-04-24 22:01:14,242 > 인문학·철학 : /keyword/인문학·철학?q=g
[INFO|brunch.py:86] 2017-04-24 22:01:14,243 > 쉽게 읽는역사 : /keyword/쉽게_읽는_역사?q=g
[INFO|brunch.py:86] 2017-04-24 22:01:14,243 > 우리집반려동물 : /keyword/우리집_반려동물?q=g
[INFO|brunch.py:86] 2017-04-24 22:01:14,244 > 멋진캘리그래피 : /keyword/멋진_캘리그래피?q=g
[INFO|brunch.py:86] 2017-04-24 22:01:14,244 > 사랑·이별 : /keyword/사랑·이별?q=g
[INFO|brunch.py:86] 2017-04-24 22:01:14,245 > 감성에세이 : /keyword/감성_에세이?q=g
[DEBUG|brunch.py:115] 2017-04-24 22:01:14,295 > 공기청정기 필요 없는 실내용 식물들 : 우리의 건강이 그 어느 때 보다도 심각하게 위협받고 있다. 공기 중에 떠다니는 초미세먼지와 각종 유해물질로 인해 그저 숨 쉬며 살아가는 것 자체가 힘겨운 일이 돼버린 것. 많은 사람들이 바깥에선 마스크, 실내에선 공기청정기 등으로 노력을 기울이지만 이는 수고로움에 비해 일시적이며 미미한 효과만 보일 뿐, 이를 지속할 수도 없는 노릇이다. 더욱 속상한 
[DEBUG|brunch.py:115] 2017-04-24 22:01:14,302 > 알아두면 유용한 생활 속 꿀팁 4가지 : 일상 생활에서 간단하게 활용할 수 있는 생활 속 꿀팁 4가지 정보를 소개합니다. 무뎌진 칼날 세우는 법, 볼펜 새것처럼 나오게 만드는 방법, 탄산음료 보관 방법, 피자 촉촉하게 데우는 방법 등을 확인해 보세요~! 알아두면 유용한 생활 속 꿀팁 4가지 무뎌진 칼날 날카롭게 만드는 방법 칼을 갈 수 있는 전용 칼갈이 없이도 집에서 간단하게 무뎌진 칼날을 갈
[DEBUG|brunch.py:115] 2017-04-24 22:01:14,304 > 그 아이들이 돌아온다  : 우리나라는 ‘아시아의 4마리 용’, ‘한강의 기적’이라는 말을 들으며 경제적으로 급성장했다. 세계에서 유래가 없을 정도로 단기간 내에 큰 성과를 이루었다. 이제는 OECD에 가입할 정도로 경제대국이 되었다. 세계적인 브랜드를 가지고 있는 것은 물론이고, 메모리 반도체, 철강제품들은 전 세계 수출시장에서 점유율 1위를 차지하고 있다. 사람들에게는 잘 알려지지
[DEBUG|brunch.py:115] 2017-04-24 22:01:14,305 > 프랑스 남자가 한국에서 집을 고르는 방법 : 쟝, 앙뚜안, 기욤. 세 남자의 집에 대한 생각을 나우리가 물어보았습니다. 나금: 기욤은 조용한 산 밑의 단독주택에서 살고 있잖아. 지금 사는 집이 좋은 이유가 뭐야? 기욤: 정원이 있어서. 그리고 거실에서 농구도 할 수 있어. 나금: 농구를 한다고? 기욤: 응. 1층이라 뛰어놀아도 상관없잖아. 그래서 내가 집을 고르는 기준은 농구를 할
[DEBUG|brunch.py:115] 2017-04-24 22:01:14,306 > '벨'은 페미니스트일까? : 1991년 디즈니 애니메이션 <미녀와 야수>를 볼 때 11살이었다. 어린 소녀가 보았던 만화 영화는 '아름답고 착한 벨이 거칠고 사나운 야수를 왕자로 변화시켜 사랑을 완성한다'는 이야기로 집약되어 뇌리에 남았다. 당시엔 벨이 다른 디즈니 애니메이션의 여주인공과 크게 다르지 않다고 생각했다. 아름답고 선한 벨은 아버지를 대신해 감옥에 갇히고, 탈출 중 곤경에
[DEBUG|brunch.py:115] 2017-04-24 22:01:14,307 > 좋은 죽음이란 무엇인가 : 우리는 죽음에 대해서 얼마나 알고 있을까. 아니, 죽음에 대해 제대로 알고 있는 사람이 있긴 한 것일까. 죽음은 인간 역사 동안 인간들이 전혀 알 수 없던 유일한 미지의 세계이다. 그 누구도 죽음 이후를 알 순 없다. 죽음 그 이후를 알 순 없더라도, 우린 모두 죽게 된다. 만약에 죽음이 우리에게 닥친다면 어떤 반응을 보일까. <어떻게 죽음을 마주할 것인
[DEBUG|brunch.py:115] 2017-04-24 22:01:14,309 > 비행기를 왼쪽으로 타는 이유 : 우리는 대칭과 균형을 볼 때 안정감을 느낀다. 대칭 화면을 위해 영화관의 중앙 좌석을 선택하고, 양쪽 차선의 수가 맞게 중앙선을 긋고, 보고서도 오와 열을 맞춰 쓴다. 하지만, 모든 것이 중앙에 놓이고 균형이 맞을 수는 없는 법. 물 잔은 왼쪽에 빵은 오른쪽에, 영화관의 어느 쪽 팔걸이가 내 팔걸이인지, 짜장이냐 짬뽕이냐 등등 우리는 이분법적인 선택을 종종
[DEBUG|brunch.py:115] 2017-04-24 22:01:14,310 > 극한직업 화장품개발자 편 : 07. 화장품 개발자(BM)에 대해 이야기해보면 재밌을 거 같아서 몇년간 제가 보고 들은 것들과 BM분들과의 약간의 인터뷰를 통해 이야기를 만들어봤어요. 세상에 힘들지 않은 일이 어디있겠냐만, 이 직업 역시 보여지는 것들에 비해 힘들고 어려운 일입니다. 누구보다 화장품을 사랑하는 맘이 있어야 할 수 있는 직업이 아닐까 싶어요~ (난못해) 혹시나 이 글
[DEBUG|brunch.py:115] 2017-04-24 22:01:14,311 > 10년전 아파트 VS 지금의 아파트, 무엇이 바뀌었나 :  주택시장 변화에 민감한 아파트 아파트는 우리나라의 대표적인 주거 유형입니다. 거주유형의 절반가량이 아파트에 사니까요. 그만큼 다른 유형의 주택보다 주택시장의 변화에 가장 민감하게 반응해 트렌드도 빠르게 바뀌죠. 아파트 트렌드 변화 이유는? 시대가 바뀌고 사회가 변화하면서 아파트 트렌드도 변하는데요. 최근의 주거 트렌드를 이해하기 위해서는 실수요자의 특
[DEBUG|brunch.py:115] 2017-04-24 22:01:14,312 > 11자 복근 만들기! 복부 측면 근육 운동 3가지 : 체지방을 뚫고 나와 생기는 선명한 복근은 누구나 한번쯤 만들고 싶은 몸매입니다. 여름이 다가오기 전 11자 복근 만들기에 도전해보세요. 복부 측면 근육을 만들 수 있는 운동 3가지를 소개합니다. 11자 복근 만들기! 복부 측면 근육 운동 3가지 1. 다리 들어 움직이는 운동 등을 바닥에 대고 똑바로 눕습니다. 두 다리를 엉덩이 위로 들어 올려 뻗고, 
[DEBUG|brunch.py:115] 2017-04-24 22:01:14,313 > 예비신부의 전세살이②: 귀찮은 전입신고, 왜 해야할까? : 지난 편에서, A씨는 부동산 전문가인 B씨를 찾아가 전세 계약 후 가장 먼저 해야 할 것이 무엇인지 문의했습니다. 그러자 B씨는 전입신고에 관해서 이야기를 꺼냈습니다. A씨도 전입신고에 대해서는 얼핏 들어 알고 있었습니다. 하지만 왜 해야 하는지 정확한 이유에 대해서는 잘 알지 못했죠. 전세로 들어가게 되면 제일 먼저 해야 하는 것은 ‘전입신고와 확정일자’
[DEBUG|brunch.py:115] 2017-04-24 22:01:14,317 > 2017 욕실 인테리어 트렌드 7가지 : 욕실은 집에 있는 공간 중 가장 프라이빗한 휴식공간이라고 할 수 있는 공간인데요~ 욕실 인테리어도 매년 트렌드가 바뀌고 있습니다! 1) 기능적 수납공간을 중시한 욕실 욕실엔 비치해 놓아야 할 물건들이 정말 많은데요! 이런 물건들을 위한 수납장이 좁은 욕실에 공간을 차지할 수가 있습니다. 벽에 깊이를 내어 수납공간을 만들면 공간을 차지하지 않아 넓어 보일 수
[DEBUG|brunch.py:115] 2017-04-24 22:01:14,318 > 청춘이라서 슬프고 힘들다. : 청춘. 예전이었다면 설렐 단어였겠지만 이제는 듣기만 해도 슬퍼지고 힘들어지는 단어다. 여행을 다녀온 후 많은 기사를 접했고 여전히 나라는 시끄러웠다. 그 사이 새로운 직장, 새로운 직업이 나에겐 새로운 도전으로 다가왔다. 새로운 직업은 그동안 했던 일과는 전혀 관련 없는 새로운 일이고, 어린 꼬맹이들부터 나이가 지긋하신 어르신까지 모든 연령층과 만나고 대화
[DEBUG|brunch.py:115] 2017-04-24 22:01:14,320 > 날씨가 좋아서 듣고 싶어진 노래 : 요즘 날씨가 정말 좋습니다. 미세먼지가 있지만 그래도 춥다가 따뜻해지니까 어디론가 나가서 계속 걷고 날씨를 느끼고 싶고 더 가까워지고 싶고 그런 날의 연속입니다. 그럴 때, 듣고 싶어지는 노래. 사실 오늘의 제 플레이리스트입니다. 매일 아침 엘리베이터를 타고 1층으로 내려가서 아파트 정문을 지나갈 때까지 그날 들을 곡 10개를 고르는데요. 같이 듣고
[DEBUG|brunch.py:115] 2017-04-24 22:01:14,321 > 여행자들에게 가장 인기 있는 오사카 호텔 TOP 10 : 가까운 거리, 수많은 맛집, 다양한 볼 거리가 넘쳐 언제나 사랑받는 여행지 오사카. 여행자들에게 가장 사랑받은 인기 호텔들은 어디일까? 2016년 익스피디아에서 유저들이 가장 많이 예약한 인기 오사카 호텔 TOP 10을 소개한다. 1위, 호텔 선루트 오사카 남바 오사카 인기 호텔 1위, '호텔 선루트 오사카 남바'. 오사카의 번화가 도톤보리 한복판에 위치한
[DEBUG|brunch.py:115] 2017-04-24 22:01:14,322 > 모든 일에는 이유가 있다 : 페샤와에 도착하기 5개월 전쯤 전. 그곳의 한 학교에서 무차별 총격이 벌어져 수많은 학생들이 목숨을 잃었습니다. 하지만 그것이 이 도시에서 벌어진 첫 번째 테러는 아니었습니다. 아프가니스탄 국경과 맞닿은 파키스탄의 이 작은 도시는 탈레반이나 IS 등 위험한 조직들이 활동하기도 하는 테러와 분쟁의 중심지로, 크고 작은 사건이 쉬지 않고 해외 뉴스 토픽을 장식
[DEBUG|brunch.py:115] 2017-04-24 22:01:14,324 > 낭만 가득! 춘천 1박 2일 자유여행 맞춤 코스  : 강원도를 떠올리면 생각나는 도시 중에 빠지지 않는 춘천. 1박 2일 동안 충분히 도시를 둘러볼 수 있고, 여행자들이 좋아할 만한 곳들이 많아 항상 인기 여행지다. 하루는 춘천을 관광하고, 하루는 남이섬에 다녀오면 장기 여행 못지않게 알찬 여행을 보낼 수 있다. 최적의 춘천 1박 2일 여행코스를 지금부터 소개하겠다! 1일 차 - 김유정 문학촌 김유정 문학촌
[DEBUG|brunch.py:115] 2017-04-24 22:01:14,325 > 이게 우정이 아니면 뭐겠어? : 이게 우정이 아니면 뭐겠어? 『보노보노처럼 살다니 다행이야』 #06. 같이 울어주기보다는 같이 웃어주는 것. 같이 울다가도 웃음이 터져버려서, 시끄러우니까 그만 좀 웃으라고 서로 등짝을 때리는 것. 친구가 새로운 욕을 만들면 참신하다, 입에 착착 붙는다며 감탄해주는 것. 아무리 내 스타일이 아니어도 친구 앞에서는 그 욕을 애용해주는 것. 실연당해 사경
[DEBUG|brunch.py:115] 2017-04-24 22:01:14,327 > 사진은 기본, 동영상까지 최강미러리스 카메라 A6500 : 디지털 카메라의 라인업 중 가장 치열한 경쟁을 하는 시장은 어디일까요?? 보급형과 고급형 라인업도 치열한 경쟁을 하고 있지만 저는 단연 중급형 라인업이라고 생각합니다. 다른 시장과 달리 디지털 카메라의 중급형, 특히 렌즈교환식 카메라의 경우 중급형은 고급형과 그다지 차이나지 않는 기기적 성능에 센서가 풀프레임이냐, APS-C이냐로 구분되기 때문입니다. 그래
[DEBUG|brunch.py:115] 2017-04-24 22:01:14,329 > 여행가서 인생샷을 찍는 5가지 방법 : 여행을 떠나는 것만큼 중요한 것이 바로 여행 사진이다. 즐거웠던 여행에 대한 아름다운 추억 하나쯤은 남기고 싶은 마음은 굴뚝같기 때문이다. 스카이스캐너에서 여행을 가서 인생샷을 건질 수 있는 팁 몇 가지를 소개한다. 1. 포즈 일반적인 정자세와 브이는 이제 너무 식상하다. 카메라 앞에서 조금 더 자유롭게 포즈를 취해보는 것은 어떨까? 정면을 보기보다
[DEBUG|brunch.py:115] 2017-04-24 22:01:14,331 > 물건 사달라고 떼쓰는 아이, 왜 그럴까? : 서점, 백화점, 마트 등에 쇼핑을 갔을 때 아이가 물건을 사달라고 떼를 쓰면 주면 사람들의 이목도 신경 쓰이고 여간 곤란한 것이 아닙니다. 울면서 바닥에 들어 눕는 등 감정이 폭발하는 아이들도 있지요. 과연 아이는 그 물건이 정말로 가지고 싶고, 필요해서일까요? 어쩌면 엄마에게 관심과 사랑을 받고 싶은 마음이 새로운 물건을 사서 채우고 싶은 애정결핍형 떼쓰
[DEBUG|brunch.py:115] 2017-04-24 22:01:14,333 > 러플(Ruffle) 핫 트렌드로 주목 : 이번 시즌 풍성하고 과감한 ‘러플(Ruffle)’이 핫 트렌드로 떠올랐다.(원문보기) 러플은 페미닌하고 로맨틱한 스타일로 지난 16시즌 런웨이에서부터 계속해서 주목을 받으며 러플, 셔링, 프릴 등이 주요한 디테일로 부상하고 있다. 로맨틱한 소녀 감성의 하늘하늘한 프릴, 셔링부터 빅토리안 시대의 로맨틱한 개더, 러플 등의 디테일들이 런웨이에 다양하게 등장
[DEBUG|brunch.py:115] 2017-04-24 22:01:14,334 > 헤어진 연인과의 연애  : 헤어지는 데는 이유가 있다. 두 사람이 만나는 데는 이유가 있듯이, 그 헤어짐에도 분명 이유가 있다. 누군가와 감정에만 쏠려서 대충, 막 만난 것이 아니라면 그렇게 많은 고민을 하고 여러 과정을 거쳐서 사귀기 시작한 사람과 쉽게 헤어지지는 않을 것 아닌가? 만약 헤어짐에 마땅한 이유도 없고, 헤어지는 말을 쉽게 던지는 사람이 있다면 사실은 문제는 그런 사
[DEBUG|brunch.py:115] 2017-04-24 22:01:14,336 > 인스탁스가 변했다! : 세상의 모든 아름다움은 네모 안에 있다. 내 인생에서 빛나는 순간은 모두 사각 프레임 안에 들었다. 비록 내 삶은 비루할지언정, 나의 소셜미디어는 참으로 아름답도다! 디지털 이미지로 존재하던 내 세상을 이따금 세상 밖으로 꺼내주던 즉석카메라 인스탁스가 변했다. 너무 변해서 이건 다시 태어난 수준. 이번에 출시된 인스탁스 스퀘어 SQ10에는 LCD 액정
[DEBUG|brunch.py:115] 2017-04-24 22:01:14,339 > 소비패턴을 파악하는 방법! : 지금까지는 대부분 공부법에 관한 글을 올렸는데요. 이번 글부터는 재테크 관련 글도 하나씩 올려볼까 합니다. 재테크는 아무래도 돈에 관련된 분야이다 보니 많은 분들께서 관심을 가지고 계십니다. 그러나 살면서 꼭 알아야 하는 기술임에도 어디에서도 제대로 가르쳐주지 않습니다. 스스로 공부하지 않으면 결국 남에게 의존할 수밖에 없습니다. 저 역시 평소 재테크에
[DEBUG|brunch.py:115] 2017-04-24 22:01:14,341 > 굿 윌 헌팅 : 사람들은 영화를 통해서 영감을 얻곤 한다. 우리에게 널리 알려져 있는 영화 중에서 꼽자면 이 영화를 빼놓을 수는 없을 것이다. 이 영화에서 윌은 수학천재로 등장한다. 그러나 그는 그 천재성을 전혀 살리지 못한 채 생활하고 있다. 분명히 아는 사람이라면 그를 알아보고 등용해줄 수 있을 것이라고 생각이 들 정도다. 그런 영리한 머리를 노동에 썩힐 수
[DEBUG|brunch.py:115] 2017-04-24 22:01:14,342 > 인간관계의 최소화 : 나에겐 세 타입의 인간관계(친구) 가 있다. A타입. 정든 친구 추억과 가십을 주로 나누는 관계. 서로의 안부는 공유하지만 나아가 비전이나 가치관을 나누기엔 어려움이 있다. 과거와 현재의 실제의 '사건' 이상의 깊은 이야기에 대한 공감대가 없어 1차원적 이야기가 대부분이다. 감정의 교류는 있지만 생각의 교류는 거의 없다. 대화 주제는 몇 시간도 안되어 동
[DEBUG|brunch.py:115] 2017-04-24 22:01:14,344 > #49. 연인과 논쟁하지 않아야 하는 이유 : "어디서부터 잘못된거지 모르겠다"헤어지기 전, 우리는 종종 이런 말을 했다.서로를 하루라도 안 보면 슬퍼하고매일 같이 사랑의 이야기를 속삭이던 우리가,왜 이렇게 서로를 헐뜯는 사이가 되었을까.왜 이렇게 하루가 멀다하고 다투기만 할까.헤어지기 전에는 그가 변해서 그렇다고 생각했다.그가 변해서 나도 변했고, 모든 것은 그의 탓이라고.헤어지고 나서는 생각한다.헤
[INFO|brunch.py:84] 2017-04-24 22:30:16,890 > 지구한바퀴세계여행 : /keyword/지구한바퀴_세계여행?q=g
[INFO|brunch.py:84] 2017-04-24 22:30:16,891 > 그림·웹툰 : /keyword/그림·웹툰?q=g
[INFO|brunch.py:84] 2017-04-24 22:30:16,893 > 시사·이슈 : /keyword/시사·이슈?q=g
[INFO|brunch.py:84] 2017-04-24 22:30:16,894 > IT트렌드 : /keyword/IT_트렌드?q=g
[INFO|brunch.py:84] 2017-04-24 22:30:16,895 > 사진·촬영 : /keyword/사진·촬영?q=g
[INFO|brunch.py:84] 2017-04-24 22:30:16,896 > 취향저격영화 리뷰 : /keyword/취향저격_영화_리뷰?q=g
[INFO|brunch.py:84] 2017-04-24 22:30:16,896 > 오늘은이런 책 : /keyword/오늘은_이런_책?q=g
[INFO|brunch.py:84] 2017-04-24 22:30:16,897 > 뮤직인사이드 : /keyword/뮤직_인사이드?q=g
[INFO|brunch.py:84] 2017-04-24 22:30:16,898 > 글쓰기코치 : /keyword/글쓰기_코치?q=g
[INFO|brunch.py:84] 2017-04-24 22:30:16,898 > 직장인현실 조언 : /keyword/직장인_현실_조언?q=g
[INFO|brunch.py:84] 2017-04-24 22:30:16,899 > 스타트업경험담 : /keyword/스타트업_경험담?q=g
[INFO|brunch.py:84] 2017-04-24 22:30:16,900 > 육아이야기 : /keyword/육아_이야기?q=g
[INFO|brunch.py:84] 2017-04-24 22:30:16,900 > 요리레시피 : /keyword/요리_레시피?q=g
[INFO|brunch.py:84] 2017-04-24 22:30:16,901 > 건강·운동 : /keyword/건강·운동?q=g
[INFO|brunch.py:84] 2017-04-24 22:30:16,902 > 멘탈 관리심리 탐구 : /keyword/멘탈_관리_심리_탐구?q=g
[INFO|brunch.py:84] 2017-04-24 22:30:16,903 > 디자인스토리 : /keyword/디자인_스토리?q=g
[INFO|brunch.py:84] 2017-04-24 22:30:16,903 > 문화·예술 : /keyword/문화·예술?q=g
[INFO|brunch.py:84] 2017-04-24 22:30:16,904 > 건축·설계 : /keyword/건축·설계?q=g
[INFO|brunch.py:84] 2017-04-24 22:30:16,905 > 인문학·철학 : /keyword/인문학·철학?q=g
[INFO|brunch.py:84] 2017-04-24 22:30:16,907 > 쉽게 읽는역사 : /keyword/쉽게_읽는_역사?q=g
[INFO|brunch.py:84] 2017-04-24 22:30:16,907 > 우리집반려동물 : /keyword/우리집_반려동물?q=g
[INFO|brunch.py:84] 2017-04-24 22:30:16,908 > 멋진캘리그래피 : /keyword/멋진_캘리그래피?q=g
[INFO|brunch.py:84] 2017-04-24 22:30:16,909 > 사랑·이별 : /keyword/사랑·이별?q=g
[INFO|brunch.py:84] 2017-04-24 22:30:16,910 > 감성에세이 : /keyword/감성_에세이?q=g
[INFO|brunch.py:84] 2017-04-24 22:31:17,179 > 지구한바퀴세계여행 : /keyword/지구한바퀴_세계여행?q=g
[INFO|brunch.py:84] 2017-04-24 22:31:17,180 > 그림·웹툰 : /keyword/그림·웹툰?q=g
[INFO|brunch.py:84] 2017-04-24 22:31:17,180 > 시사·이슈 : /keyword/시사·이슈?q=g
[INFO|brunch.py:84] 2017-04-24 22:31:17,181 > IT트렌드 : /keyword/IT_트렌드?q=g
[INFO|brunch.py:84] 2017-04-24 22:31:17,183 > 사진·촬영 : /keyword/사진·촬영?q=g
[INFO|brunch.py:84] 2017-04-24 22:31:17,184 > 취향저격영화 리뷰 : /keyword/취향저격_영화_리뷰?q=g
[INFO|brunch.py:84] 2017-04-24 22:31:17,186 > 오늘은이런 책 : /keyword/오늘은_이런_책?q=g
[INFO|brunch.py:84] 2017-04-24 22:31:17,186 > 뮤직인사이드 : /keyword/뮤직_인사이드?q=g
[INFO|brunch.py:84] 2017-04-24 22:31:17,187 > 글쓰기코치 : /keyword/글쓰기_코치?q=g
[INFO|brunch.py:84] 2017-04-24 22:31:17,187 > 직장인현실 조언 : /keyword/직장인_현실_조언?q=g
[INFO|brunch.py:84] 2017-04-24 22:31:17,188 > 스타트업경험담 : /keyword/스타트업_경험담?q=g
[INFO|brunch.py:84] 2017-04-24 22:31:17,188 > 육아이야기 : /keyword/육아_이야기?q=g
[INFO|brunch.py:84] 2017-04-24 22:31:17,189 > 요리레시피 : /keyword/요리_레시피?q=g
[INFO|brunch.py:84] 2017-04-24 22:31:17,189 > 건강·운동 : /keyword/건강·운동?q=g
[INFO|brunch.py:84] 2017-04-24 22:31:17,190 > 멘탈 관리심리 탐구 : /keyword/멘탈_관리_심리_탐구?q=g
[INFO|brunch.py:84] 2017-04-24 22:31:17,190 > 디자인스토리 : /keyword/디자인_스토리?q=g
[INFO|brunch.py:84] 2017-04-24 22:31:17,191 > 문화·예술 : /keyword/문화·예술?q=g
[INFO|brunch.py:84] 2017-04-24 22:31:17,191 > 건축·설계 : /keyword/건축·설계?q=g
[INFO|brunch.py:84] 2017-04-24 22:31:17,192 > 인문학·철학 : /keyword/인문학·철학?q=g
[INFO|brunch.py:84] 2017-04-24 22:31:17,192 > 쉽게 읽는역사 : /keyword/쉽게_읽는_역사?q=g
[INFO|brunch.py:84] 2017-04-24 22:31:17,193 > 우리집반려동물 : /keyword/우리집_반려동물?q=g
[INFO|brunch.py:84] 2017-04-24 22:31:17,193 > 멋진캘리그래피 : /keyword/멋진_캘리그래피?q=g
[INFO|brunch.py:84] 2017-04-24 22:31:17,194 > 사랑·이별 : /keyword/사랑·이별?q=g
[INFO|brunch.py:84] 2017-04-24 22:31:17,194 > 감성에세이 : /keyword/감성_에세이?q=g
[INFO|brunch.py:83] 2017-04-24 23:00:16,668 > ѹ迩 : /keyword/ѹ_迩?q=g
[INFO|brunch.py:83] 2017-04-24 23:00:16,669 > ׸ : /keyword/׸?q=g
[INFO|brunch.py:83] 2017-04-24 23:00:16,669 > û硤̽ : /keyword/û硤̽?q=g
[INFO|brunch.py:83] 2017-04-24 23:00:16,670 > ITƮ : /keyword/IT_Ʈ?q=g
[INFO|brunch.py:83] 2017-04-24 23:00:16,670 > Կ : /keyword/Կ?q=g
[INFO|brunch.py:83] 2017-04-24 23:00:16,671 > ݿȭ  : /keyword/_ȭ_?q=g
[INFO|brunch.py:83] 2017-04-24 23:00:16,671 > ̷ å : /keyword/_̷_å?q=g
[INFO|brunch.py:83] 2017-04-24 23:00:16,672 > λ̵ : /keyword/_λ̵?q=g
[INFO|brunch.py:83] 2017-04-24 23:00:16,672 > ۾ġ : /keyword/۾_ġ?q=g
[INFO|brunch.py:83] 2017-04-24 23:00:16,673 >   : /keyword/__?q=g
[INFO|brunch.py:83] 2017-04-24 23:00:16,673 > ŸƮ : /keyword/ŸƮ_?q=g
[INFO|brunch.py:83] 2017-04-24 23:00:16,674 > ̾߱ : /keyword/_̾߱?q=g
[INFO|brunch.py:83] 2017-04-24 23:00:16,674 > 丮 : /keyword/丮_?q=g
[INFO|brunch.py:83] 2017-04-24 23:00:16,675 > ǰ : /keyword/ǰ?q=g
[INFO|brunch.py:83] 2017-04-24 23:00:16,675 > Ż ɸ Ž : /keyword/Ż__ɸ_Ž?q=g
[INFO|brunch.py:83] 2017-04-24 23:00:16,676 > ν丮 : /keyword/_丮?q=g
[INFO|brunch.py:83] 2017-04-24 23:00:16,676 > ȭ : /keyword/ȭ?q=g
[INFO|brunch.py:83] 2017-04-24 23:00:16,677 > ࡤ : /keyword/ࡤ?q=g
[INFO|brunch.py:83] 2017-04-24 23:00:16,677 > ιСö : /keyword/ιСö?q=g
[INFO|brunch.py:83] 2017-04-24 23:00:16,678 >  д¿ : /keyword/_д_?q=g
[INFO|brunch.py:83] 2017-04-24 23:00:16,678 > 츮ݷ : /keyword/츮_ݷ?q=g
[INFO|brunch.py:83] 2017-04-24 23:00:16,679 > Ķ׷ : /keyword/_Ķ׷?q=g
[INFO|brunch.py:83] 2017-04-24 23:00:16,679 > ̺ : /keyword/̺?q=g
[INFO|brunch.py:83] 2017-04-24 23:00:16,679 >  : /keyword/_?q=g
[INFO|brunch.py:83] 2017-04-24 23:01:16,079 > ѹ迩 : /keyword/ѹ_迩?q=g
[INFO|brunch.py:83] 2017-04-24 23:01:16,080 > ׸ : /keyword/׸?q=g
[INFO|brunch.py:83] 2017-04-24 23:01:16,081 > û硤̽ : /keyword/û硤̽?q=g
[INFO|brunch.py:83] 2017-04-24 23:01:16,081 > ITƮ : /keyword/IT_Ʈ?q=g
[INFO|brunch.py:83] 2017-04-24 23:01:16,081 > Կ : /keyword/Կ?q=g
[INFO|brunch.py:83] 2017-04-24 23:01:16,082 > ݿȭ  : /keyword/_ȭ_?q=g
[INFO|brunch.py:83] 2017-04-24 23:01:16,082 > ̷ å : /keyword/_̷_å?q=g
[INFO|brunch.py:83] 2017-04-24 23:01:16,083 > λ̵ : /keyword/_λ̵?q=g
[INFO|brunch.py:83] 2017-04-24 23:01:16,083 > ۾ġ : /keyword/۾_ġ?q=g
[INFO|brunch.py:83] 2017-04-24 23:01:16,084 >   : /keyword/__?q=g
[INFO|brunch.py:83] 2017-04-24 23:01:16,084 > ŸƮ : /keyword/ŸƮ_?q=g
[INFO|brunch.py:83] 2017-04-24 23:01:16,085 > ̾߱ : /keyword/_̾߱?q=g
[INFO|brunch.py:83] 2017-04-24 23:01:16,085 > 丮 : /keyword/丮_?q=g
[INFO|brunch.py:83] 2017-04-24 23:01:16,086 > ǰ : /keyword/ǰ?q=g
[INFO|brunch.py:83] 2017-04-24 23:01:16,086 > Ż ɸ Ž : /keyword/Ż__ɸ_Ž?q=g
[INFO|brunch.py:83] 2017-04-24 23:01:16,087 > ν丮 : /keyword/_丮?q=g
[INFO|brunch.py:83] 2017-04-24 23:01:16,087 > ȭ : /keyword/ȭ?q=g
[INFO|brunch.py:83] 2017-04-24 23:01:16,088 > ࡤ : /keyword/ࡤ?q=g
[INFO|brunch.py:83] 2017-04-24 23:01:16,088 > ιСö : /keyword/ιСö?q=g
[INFO|brunch.py:83] 2017-04-24 23:01:16,088 >  д¿ : /keyword/_д_?q=g
[INFO|brunch.py:83] 2017-04-24 23:01:16,089 > 츮ݷ : /keyword/츮_ݷ?q=g
[INFO|brunch.py:83] 2017-04-24 23:01:16,089 > Ķ׷ : /keyword/_Ķ׷?q=g
[INFO|brunch.py:83] 2017-04-24 23:01:16,090 > ̺ : /keyword/̺?q=g
[INFO|brunch.py:83] 2017-04-24 23:01:16,090 >  : /keyword/_?q=g
